# JRE version: OpenJDK Runtime Environment (8.0_242-b01) (build 1.8.0_242-release-1644-b01)
# Java VM: OpenJDK 64-Bit Server VM (25.242-b01 mixed mode windows-amd64 compressed oops)
Heap:
 PSYoungGen      total 627200K, used 443896K [0x00000000d5580000, 0x0000000100000000, 0x0000000100000000)
  eden space 555520K, 75% used [0x00000000d5580000,0x00000000ef1b0188,0x00000000f7400000)
  from space 71680K, 30% used [0x00000000f7400000,0x00000000f894df38,0x00000000fba00000)
  to   space 68096K, 0% used [0x00000000fbd80000,0x00000000fbd80000,0x0000000100000000)
 ParOldGen       total 244224K, used 127226K [0x0000000080000000, 0x000000008ee80000, 0x00000000d5580000)
  object space 244224K, 52% used [0x0000000080000000,0x0000000087c3e910,0x000000008ee80000)
 Metaspace       used 179262K, capacity 190088K, committed 191640K, reserved 1216512K
  class space    used 23398K, capacity 25305K, committed 25520K, reserved 1048576K
GC Heap History (10 events):
Event: 9109.945 GC heap before
{Heap before GC invocations=26 (full 6):
 PSYoungGen      total 663040K, used 10500K [0x00000000d5580000, 0x0000000100000000, 0x0000000100000000)
  eden space 626176K, 0% used [0x00000000d5580000,0x00000000d5580000,0x00000000fb900000)
  from space 36864K, 28% used [0x00000000fdc00000,0x00000000fe6413a0,0x0000000100000000)
  to   space 35840K, 0% used [0x00000000fb900000,0x00000000fb900000,0x00000000fdc00000)
 ParOldGen       total 139264K, used 41741K [0x0000000080000000, 0x0000000088800000, 0x00000000d5580000)
  object space 139264K, 29% used [0x0000000080000000,0x00000000828c3780,0x0000000088800000)
 Metaspace       used 103992K, capacity 112092K, committed 112408K, reserved 1146880K
  class space    used 13485K, capacity 14782K, committed 14896K, reserved 1048576K
Event: 9111.983 GC heap after
Heap after GC invocations=26 (full 6):
 PSYoungGen      total 663040K, used 0K [0x00000000d5580000, 0x0000000100000000, 0x0000000100000000)
  eden space 626176K, 0% used [0x00000000d5580000,0x00000000d5580000,0x00000000fb900000)
  from space 36864K, 0% used [0x00000000fdc00000,0x00000000fdc00000,0x0000000100000000)
  to   space 35840K, 0% used [0x00000000fb900000,0x00000000fb900000,0x00000000fdc00000)
 ParOldGen       total 139264K, used 49015K [0x0000000080000000, 0x0000000088800000, 0x00000000d5580000)
  object space 139264K, 35% used [0x0000000080000000,0x0000000082fddcd0,0x0000000088800000)
 Metaspace       used 103950K, capacity 111984K, committed 112408K, reserved 1146880K
  class space    used 13476K, capacity 14764K, committed 14896K, reserved 1048576K
}
Event: 11526.837 GC heap before
{Heap before GC invocations=27 (full 6):
 PSYoungGen      total 663040K, used 626176K [0x00000000d5580000, 0x0000000100000000, 0x0000000100000000)
  eden space 626176K, 100% used [0x00000000d5580000,0x00000000fb900000,0x00000000fb900000)
  from space 36864K, 0% used [0x00000000fdc00000,0x00000000fdc00000,0x0000000100000000)
  to   space 35840K, 0% used [0x00000000fb900000,0x00000000fb900000,0x00000000fdc00000)
 ParOldGen       total 139264K, used 49015K [0x0000000080000000, 0x0000000088800000, 0x00000000d5580000)
  object space 139264K, 35% used [0x0000000080000000,0x0000000082fddcd0,0x0000000088800000)
 Metaspace       used 134745K, capacity 144650K, committed 144920K, reserved 1175552K
  class space    used 17729K, capacity 19386K, committed 19504K, reserved 1048576K
Event: 11528.223 GC heap after
Heap after GC invocations=27 (full 6):
 PSYoungGen      total 662016K, used 35819K [0x00000000d5580000, 0x0000000100000000, 0x0000000100000000)
  eden space 626176K, 0% used [0x00000000d5580000,0x00000000d5580000,0x00000000fb900000)
  from space 35840K, 99% used [0x00000000fb900000,0x00000000fdbfac98,0x00000000fdc00000)
  to   space 36864K, 0% used [0x00000000fdc00000,0x00000000fdc00000,0x0000000100000000)
 ParOldGen       total 139264K, used 75974K [0x0000000080000000, 0x0000000088800000, 0x00000000d5580000)
  object space 139264K, 54% used [0x0000000080000000,0x0000000084a31a50,0x0000000088800000)
 Metaspace       used 134745K, capacity 144650K, committed 144920K, reserved 1175552K
  class space    used 17729K, capacity 19386K, committed 19504K, reserved 1048576K
}
Event: 13234.888 GC heap before
{Heap before GC invocations=28 (full 6):
 PSYoungGen      total 662016K, used 661995K [0x00000000d5580000, 0x0000000100000000, 0x0000000100000000)
  eden space 626176K, 100% used [0x00000000d5580000,0x00000000fb900000,0x00000000fb900000)
  from space 35840K, 99% used [0x00000000fb900000,0x00000000fdbfac98,0x00000000fdc00000)
  to   space 36864K, 0% used [0x00000000fdc00000,0x00000000fdc00000,0x0000000100000000)
 ParOldGen       total 139264K, used 75974K [0x0000000080000000, 0x0000000088800000, 0x00000000d5580000)
  object space 139264K, 54% used [0x0000000080000000,0x0000000084a31a50,0x0000000088800000)
 Metaspace       used 167308K, capacity 179216K, committed 179480K, reserved 1204224K
  class space    used 21960K, capacity 24023K, committed 24112K, reserved 1048576K
Event: 13236.629 GC heap after
Heap after GC invocations=28 (full 6):
 PSYoungGen      total 592384K, used 36855K [0x00000000d5580000, 0x0000000100000000, 0x0000000100000000)
  eden space 555520K, 0% used [0x00000000d5580000,0x00000000d5580000,0x00000000f7400000)
  from space 36864K, 99% used [0x00000000fdc00000,0x00000000ffffdc80,0x0000000100000000)
  to   space 71680K, 0% used [0x00000000f7400000,0x00000000f7400000,0x00000000fba00000)
 ParOldGen       total 139264K, used 122696K [0x0000000080000000, 0x0000000088800000, 0x00000000d5580000)
  object space 139264K, 88% used [0x0000000080000000,0x00000000877d2088,0x0000000088800000)
 Metaspace       used 167308K, capacity 179216K, committed 179480K, reserved 1204224K
  class space    used 21960K, capacity 24023K, committed 24112K, reserved 1048576K
}
Event: 13236.634 GC heap before
{Heap before GC invocations=29 (full 7):
 PSYoungGen      total 592384K, used 36855K [0x00000000d5580000, 0x0000000100000000, 0x0000000100000000)
  eden space 555520K, 0% used [0x00000000d5580000,0x00000000d5580000,0x00000000f7400000)
  from space 36864K, 99% used [0x00000000fdc00000,0x00000000ffffdc80,0x0000000100000000)
  to   space 71680K, 0% used [0x00000000f7400000,0x00000000f7400000,0x00000000fba00000)
 ParOldGen       total 139264K, used 122696K [0x0000000080000000, 0x0000000088800000, 0x00000000d5580000)
  object space 139264K, 88% used [0x0000000080000000,0x00000000877d2088,0x0000000088800000)
 Metaspace       used 167308K, capacity 179216K, committed 179480K, reserved 1204224K
  class space    used 21960K, capacity 24023K, committed 24112K, reserved 1048576K
Event: 13241.047 GC heap after
Heap after GC invocations=29 (full 7):
 PSYoungGen      total 592384K, used 0K [0x00000000d5580000, 0x0000000100000000, 0x0000000100000000)
  eden space 555520K, 0% used [0x00000000d5580000,0x00000000d5580000,0x00000000f7400000)
  from space 36864K, 0% used [0x00000000fdc00000,0x00000000fdc00000,0x0000000100000000)
  to   space 71680K, 0% used [0x00000000f7400000,0x00000000f7400000,0x00000000fba00000)
 ParOldGen       total 244224K, used 127218K [0x0000000080000000, 0x000000008ee80000, 0x00000000d5580000)
  object space 244224K, 52% used [0x0000000080000000,0x0000000087c3c910,0x000000008ee80000)
 Metaspace       used 165103K, capacity 173982K, committed 179480K, reserved 1204224K
  class space    used 21481K, capacity 23106K, committed 24112K, reserved 1048576K
}
Event: 13357.796 GC heap before
{Heap before GC invocations=30 (full 7):
 PSYoungGen      total 592384K, used 555520K [0x00000000d5580000, 0x0000000100000000, 0x0000000100000000)
  eden space 555520K, 100% used [0x00000000d5580000,0x00000000f7400000,0x00000000f7400000)
  from space 36864K, 0% used [0x00000000fdc00000,0x00000000fdc00000,0x0000000100000000)
  to   space 71680K, 0% used [0x00000000f7400000,0x00000000f7400000,0x00000000fba00000)
 ParOldGen       total 244224K, used 127218K [0x0000000080000000, 0x000000008ee80000, 0x00000000d5580000)
  object space 244224K, 52% used [0x0000000080000000,0x0000000087c3c910,0x000000008ee80000)
 Metaspace       used 169942K, capacity 179262K, committed 183448K, reserved 1208320K
  class space    used 22049K, capacity 23736K, committed 24496K, reserved 1048576K
Event: 13358.963 GC heap after
Heap after GC invocations=30 (full 7):
 PSYoungGen      total 627200K, used 21815K [0x00000000d5580000, 0x0000000100000000, 0x0000000100000000)
  eden space 555520K, 0% used [0x00000000d5580000,0x00000000d5580000,0x00000000f7400000)
  from space 71680K, 30% used [0x00000000f7400000,0x00000000f894df38,0x00000000fba00000)
  to   space 68096K, 0% used [0x00000000fbd80000,0x00000000fbd80000,0x0000000100000000)
 ParOldGen       total 244224K, used 127226K [0x0000000080000000, 0x000000008ee80000, 0x00000000d5580000)
  object space 244224K, 52% used [0x0000000080000000,0x0000000087c3e910,0x000000008ee80000)
 Metaspace       used 169942K, capacity 179262K, committed 183448K, reserved 1208320K
  class space    used 22049K, capacity 23736K, committed 24496K, reserved 1048576K
}

